Sun May 19 09:11:03 CST 2024 : Apache Derby Network Server - 10.10.2.0 - (1582446) started and ready to accept connections on port 1527
----------------------------------------------------------------
Sun May 19 09:11:07 CST 2024:
Booting Derby version The Apache Software Foundation - Apache Derby - 10.10.2.0 - (1582446): instance a816c00e-018f-8e66-f63d-fffffbf87865 
on database directory D:\Coding Project\Sales-and-Inventory\Database\InventorySystem with class loader sun.misc.Launcher$AppClassLoader@6f94fa3e 
Loaded from file:/D:/Coding%20Project/Sales-and-Inventory/glassfish4/javadb/lib/derby.jar
java.vendor=Oracle Corporation
java.runtime.version=1.8.0_111-b14
user.dir=D:\Coding Project\Sales-and-Inventory\glassfish4\javadb
os.name=Windows 10
os.arch=amd64
os.version=10.0
derby.system.home=D:\Coding Project\Sales-and-Inventory\Database
Database Class Loader started - derby.database.classpath=''
----------------------------------------------------------------
Sun May 19 09:15:03 CST 2024: Shutting down Derby engine
----------------------------------------------------------------
Sun May 19 09:15:03 CST 2024:
Shutting down instance a816c00e-018f-8e66-f63d-fffffbf87865 on database directory D:\Coding Project\Sales-and-Inventory\Database\InventorySystem with class loader sun.misc.Launcher$AppClassLoader@6f94fa3e 
----------------------------------------------------------------
